[debug] [2018-06-05T08:36:57.035Z] ----------------------------------------------------------------------
[debug] [2018-06-05T08:36:57.037Z] Command:       C:\Program Files\nodejs\node.exe C:\Users\dmitry.mavrosaus\Desktop\microblog-firebase\node_modules\firebase-tools\bin\firebase serve
[debug] [2018-06-05T08:36:57.038Z] CLI Version:   3.18.5
[debug] [2018-06-05T08:36:57.038Z] Platform:      win32
[debug] [2018-06-05T08:36:57.038Z] Node Version:  v8.9.1
[debug] [2018-06-05T08:36:57.038Z] Time:          Tue Jun 05 2018 11:36:57 GMT+0300 (GTB Daylight Time)
[debug] [2018-06-05T08:36:57.038Z] ----------------------------------------------------------------------
[debug] 
[debug] [2018-06-05T08:36:57.077Z] > command requires scopes: ["email","openid","https://www.googleapis.com/auth/cloudplatformprojects.readonly","https://www.googleapis.com/auth/firebase","https://www.googleapis.com/auth/cloud-platform"]
[debug] [2018-06-05T08:36:57.077Z] > authorizing via signed-in user
[debug] [2018-06-05T08:36:57.079Z] > refreshing access token with scopes: ["email","https://www.googleapis.com/auth/cloud-platform","https://www.googleapis.com/auth/cloudplatformprojects.readonly","https://www.googleapis.com/auth/firebase","openid"]
[debug] [2018-06-05T08:36:57.079Z] >>> HTTP REQUEST POST https://www.googleapis.com/oauth2/v3/token  
 { refresh_token: '1/HD0uWK5jswD6rEfCF0N0UUmLGgMrqj4ROMmaKQtf2Qs',
  client_id: '563584335869-fgrhgmd47bqnekij5i8b5pr03ho849e6.apps.googleusercontent.com',
  client_secret: 'j9iVZfS8kkCEFUPaAeJV0sAi',
  grant_type: 'refresh_token',
  scope: 'email https://www.googleapis.com/auth/cloud-platform https://www.googleapis.com/auth/cloudplatformprojects.readonly https://www.googleapis.com/auth/firebase openid' } 
 Tue Jun 05 2018 11:36:57 GMT+0300 (GTB Daylight Time)
[debug] [2018-06-05T08:36:57.356Z] <<< HTTP RESPONSE 200
[debug] [2018-06-05T08:36:57.365Z] >>> HTTP REQUEST GET https://admin.firebase.com/v1/projects/microblog-hello-world  
  
 Tue Jun 05 2018 11:36:57 GMT+0300 (GTB Daylight Time)
[debug] [2018-06-05T08:36:58.197Z] <<< HTTP RESPONSE 200
[debug] [2018-06-05T08:36:58.197Z] >>> HTTP REQUEST GET https://admin.firebase.com/v1/database/microblog-hello-world/tokens  
  
 Tue Jun 05 2018 11:36:58 GMT+0300 (GTB Daylight Time)
[debug] [2018-06-05T08:36:58.890Z] <<< HTTP RESPONSE 200
[debug] [2018-06-05T08:36:58.891Z] >>> HTTP REQUEST GET https://cloudresourcemanager.googleapis.com/v1/projects/microblog-hello-world  
  
 Tue Jun 05 2018 11:36:58 GMT+0300 (GTB Daylight Time)
[debug] [2018-06-05T08:36:59.922Z] <<< HTTP RESPONSE 200
[info] 
[info] === Serving from 'C:\Users\dmitry.mavrosaus\Desktop\microblog-firebase'...
[info] 
[info] i  functions: Preparing to emulate functions.
[debug] [2018-06-05T08:37:08.962Z] Fetching environment
[debug] [2018-06-05T08:37:08.971Z] >>> HTTP REQUEST GET https://mobilesdk-pa.googleapis.com/v1/projects/781422399017:getServerAppConfig  
  
 Tue Jun 05 2018 11:37:08 GMT+0300 (GTB Daylight Time)
[debug] [2018-06-05T08:37:08.971Z] >>> HTTP REQUEST GET https://mobilesdk-pa.googleapis.com/v1/projects/781422399017/clients/_:getWebAppConfig  
  
 Tue Jun 05 2018 11:37:08 GMT+0300 (GTB Daylight Time)
[debug] [2018-06-05T08:37:09.513Z] <<< HTTP RESPONSE 200
[debug] [2018-06-05T08:37:09.624Z] <<< HTTP RESPONSE 200
[debug] [2018-06-05T08:37:09.624Z] Starting @google-cloud/functions-emulator
[info] i  hosting: Serving hosting files from: public
[info] +  hosting: Local server: http://localhost:5000

[debug] [2018-06-05T08:37:12.680Z] Parsing function triggers
